<?xml version="1.0" encoding="UTF-8"?>
<Site BuildName="(empty)"
	BuildStamp="20240520-1130-Experimental"
	Name="(empty)"
	Generator="ctest-3.16.3"
	CompilerName=""
	CompilerVersion=""
	OSName="Linux"
	Hostname="nags21"
	OSRelease="5.15.0-102-generic"
	OSVersion="#112~20.04.1-Ubuntu SMP Thu Mar 14 14:28:24 UTC 2024"
	OSPlatform="x86_64"
	Is64Bits="1"
	VendorString="GenuineIntel"
	VendorID="Intel Corporation"
	FamilyID="6"
	ModelID="62"
	ProcessorCacheSize="25600"
	NumberOfLogicalCPU="40"
	NumberOfPhysicalCPU="20"
	TotalVirtualMemory="30970"
	TotalPhysicalMemory="386899"
	LogicalProcessorsPerPhysical="2"
	ProcessorClockFrequency="1200"
	>
	<Testing>
		<StartDateTime>May 20 13:50 CEST</StartDateTime>
		<StartTestTime>1716205828</StartTestTime>
		<TestList/>
		<EndDateTime>May 20 13:50 CEST</EndDateTime>
		<EndTestTime>1716205828</EndTestTime>
		<ElapsedMinutes>0</ElapsedMinutes>
	</Testing>
</Site>
